<?xml version="1.0" encoding="UTF-8" standalone="yes"?><!DOCTYPE report PUBLIC "-//JACOCO//DTD Report 1.0//EN"
        "report.dtd">
<report name="testartifacts">
    <sessioninfo id="inspiron-932e78fc" start="1516755393085" dump="1516755417507"/>
    <package name="com/brunodles/testartifacts">
        <class name="com/brunodles/testartifacts/StringUtils$_underscoreToCamelCase_closure2">
            <method name="&lt;init&gt;" desc="(Ljava/lang/Object;Ljava/lang/Object;)V">
                <counter type="INSTRUCTION" missed="0" covered="7"/>
                <counter type="COMPLEXITY" missed="0" covered="1"/>
                <counter type="METHOD" missed="0" covered="1"/>
            </method>
            <method name="doCall" desc="(Ljava/lang/Object;)Ljava/lang/Object;" line="34">
                <counter type="INSTRUCTION" missed="2" covered="14"/>
                <counter type="LINE" missed="0" covered="1"/>
                <counter type="COMPLEXITY" missed="0" covered="1"/>
                <counter type="METHOD" missed="0" covered="1"/>
            </method>
            <method name="doCall" desc="()Ljava/lang/Object;">
                <counter type="INSTRUCTION" missed="8" covered="0"/>
                <counter type="COMPLEXITY" missed="1" covered="0"/>
                <counter type="METHOD" missed="1" covered="0"/>
            </method>
            <counter type="INSTRUCTION" missed="10" covered="21"/>
            <counter type="LINE" missed="0" covered="1"/>
            <counter type="COMPLEXITY" missed="1" covered="2"/>
            <counter type="METHOD" missed="1" covered="2"/>
            <counter type="CLASS" missed="0" covered="1"/>
        </class>
        <class name="com/brunodles/testartifacts/StringUtils$_nested_closure1">
            <method name="&lt;init&gt;"
                    desc="(Ljava/lang/Object;Ljava/lang/Object;Lgroovy/lang/Reference;Lgroovy/lang/Reference;)V">
                <counter type="INSTRUCTION" missed="23" covered="0"/>
                <counter type="COMPLEXITY" missed="1" covered="0"/>
                <counter type="METHOD" missed="1" covered="0"/>
            </method>
            <method name="doCall" desc="(Ljava/lang/Object;)Ljava/lang/Object;" line="9">
                <counter type="INSTRUCTION" missed="115" covered="0"/>
                <counter type="BRANCH" missed="4" covered="0"/>
                <counter type="LINE" missed="9" covered="0"/>
                <counter type="COMPLEXITY" missed="3" covered="0"/>
                <counter type="METHOD" missed="1" covered="0"/>
            </method>
            <method name="getChildren" desc="()Ljava/lang/Object;">
                <counter type="INSTRUCTION" missed="8" covered="0"/>
                <counter type="COMPLEXITY" missed="1" covered="0"/>
                <counter type="METHOD" missed="1" covered="0"/>
            </method>
            <method name="getResult" desc="()Ljava/lang/Object;">
                <counter type="INSTRUCTION" missed="8" covered="0"/>
                <counter type="COMPLEXITY" missed="1" covered="0"/>
                <counter type="METHOD" missed="1" covered="0"/>
            </method>
            <counter type="INSTRUCTION" missed="154" covered="0"/>
            <counter type="BRANCH" missed="4" covered="0"/>
            <counter type="LINE" missed="9" covered="0"/>
            <counter type="COMPLEXITY" missed="6" covered="0"/>
            <counter type="METHOD" missed="4" covered="0"/>
            <counter type="CLASS" missed="1" covered="0"/>
        </class>
        <class name="com/brunodles/testartifacts/TestArtifactsPlugin">
            <method name="&lt;init&gt;" desc="()V">
                <counter type="INSTRUCTION" missed="0" covered="14"/>
                <counter type="COMPLEXITY" missed="0" covered="1"/>
                <counter type="METHOD" missed="0" covered="1"/>
            </method>
            <method name="apply" desc="(Lorg/gradle/api/Project;)V" line="17">
                <counter type="INSTRUCTION" missed="0" covered="93"/>
                <counter type="LINE" missed="0" covered="4"/>
                <counter type="COMPLEXITY" missed="0" covered="1"/>
                <counter type="METHOD" missed="0" covered="1"/>
            </method>
            <counter type="INSTRUCTION" missed="0" covered="107"/>
            <counter type="LINE" missed="0" covered="4"/>
            <counter type="COMPLEXITY" missed="0" covered="2"/>
            <counter type="METHOD" missed="0" covered="2"/>
            <counter type="CLASS" missed="0" covered="1"/>
        </class>
        <class name="com/brunodles/testartifacts/FileTypes">
            <method name="&lt;init&gt;" desc="(Ljava/lang/String;ILjava/lang/String;)V" line="16">
                <counter type="INSTRUCTION" missed="0" covered="26"/>
                <counter type="LINE" missed="0" covered="1"/>
                <counter type="COMPLEXITY" missed="0" covered="1"/>
                <counter type="METHOD" missed="0" covered="1"/>
            </method>
            <method name="&lt;clinit&gt;" desc="()V">
                <counter type="INSTRUCTION" missed="0" covered="142"/>
                <counter type="COMPLEXITY" missed="0" covered="1"/>
                <counter type="METHOD" missed="0" covered="1"/>
            </method>
            <method name="getDecoder" desc="()Ljava/lang/String;">
                <counter type="INSTRUCTION" missed="0" covered="3"/>
                <counter type="COMPLEXITY" missed="0" covered="1"/>
                <counter type="METHOD" missed="0" covered="1"/>
            </method>
            <counter type="INSTRUCTION" missed="0" covered="171"/>
            <counter type="LINE" missed="0" covered="1"/>
            <counter type="COMPLEXITY" missed="0" covered="3"/>
            <counter type="METHOD" missed="0" covered="3"/>
            <counter type="CLASS" missed="0" covered="1"/>
        </class>
        <class name="com/brunodles/testartifacts/TestArtifactsExtension">
            <method name="&lt;init&gt;" desc="()V" line="5">
                <counter type="INSTRUCTION" missed="0" covered="37"/>
                <counter type="LINE" missed="0" covered="1"/>
                <counter type="COMPLEXITY" missed="0" covered="1"/>
                <counter type="METHOD" missed="0" covered="1"/>
            </method>
            <method name="firebaseUrl" desc="()Ljava/lang/String;" line="12">
                <counter type="INSTRUCTION" missed="54" covered="0"/>
                <counter type="LINE" missed="1" covered="0"/>
                <counter type="COMPLEXITY" missed="1" covered="0"/>
                <counter type="METHOD" missed="1" covered="0"/>
            </method>
            <counter type="INSTRUCTION" missed="54" covered="37"/>
            <counter type="LINE" missed="1" covered="1"/>
            <counter type="COMPLEXITY" missed="1" covered="1"/>
            <counter type="METHOD" missed="1" covered="1"/>
            <counter type="CLASS" missed="0" covered="1"/>
        </class>
        <class name="com/brunodles/testartifacts/StringUtils">
            <method name="&lt;init&gt;" desc="()V">
                <counter type="INSTRUCTION" missed="14" covered="0"/>
                <counter type="COMPLEXITY" missed="1" covered="0"/>
                <counter type="METHOD" missed="1" covered="0"/>
            </method>
            <method name="nested" desc="(Lgroovy/util/Node;)Ljava/lang/Object;" line="6">
                <counter type="INSTRUCTION" missed="69" covered="0"/>
                <counter type="BRANCH" missed="4" covered="0"/>
                <counter type="LINE" missed="6" covered="0"/>
                <counter type="COMPLEXITY" missed="3" covered="0"/>
                <counter type="METHOD" missed="1" covered="0"/>
            </method>
            <method name="fixKeyIfNeeded" desc="(Ljava/lang/String;)Ljava/lang/String;" line="27">
                <counter type="INSTRUCTION" missed="2" covered="12"/>
                <counter type="LINE" missed="0" covered="1"/>
                <counter type="COMPLEXITY" missed="0" covered="1"/>
                <counter type="METHOD" missed="0" covered="1"/>
            </method>
            <method name="underscoreToCamelCase" desc="(Ljava/lang/String;)Ljava/lang/String;" line="31">
                <counter type="INSTRUCTION" missed="8" covered="30"/>
                <counter type="BRANCH" missed="4" covered="4"/>
                <counter type="LINE" missed="1" covered="2"/>
                <counter type="COMPLEXITY" missed="4" covered="1"/>
                <counter type="METHOD" missed="0" covered="1"/>
            </method>
            <counter type="INSTRUCTION" missed="93" covered="42"/>
            <counter type="BRANCH" missed="8" covered="4"/>
            <counter type="LINE" missed="7" covered="3"/>
            <counter type="COMPLEXITY" missed="8" covered="2"/>
            <counter type="METHOD" missed="2" covered="2"/>
            <counter type="CLASS" missed="0" covered="1"/>
        </class>
        <sourcefile name="StringUtils.groovy">
            <line nr="6" mi="12" ci="0" mb="0" cb="0"/>
            <line nr="7" mi="12" ci="0" mb="0" cb="0"/>
            <line nr="8" mi="17" ci="0" mb="0" cb="0"/>
            <line nr="9" mi="3" ci="0" mb="2" cb="0"/>
            <line nr="10" mi="19" ci="0" mb="0" cb="0"/>
            <line nr="11" mi="24" ci="0" mb="0" cb="0"/>
            <line nr="12" mi="14" ci="0" mb="0" cb="0"/>
            <line nr="13" mi="4" ci="0" mb="2" cb="0"/>
            <line nr="14" mi="13" ci="0" mb="0" cb="0"/>
            <line nr="15" mi="12" ci="0" mb="0" cb="0"/>
            <line nr="16" mi="13" ci="0" mb="0" cb="0"/>
            <line nr="18" mi="11" ci="0" mb="0" cb="0"/>
            <line nr="21" mi="12" ci="0" mb="4" cb="0"/>
            <line nr="22" mi="9" ci="0" mb="0" cb="0"/>
            <line nr="23" mi="5" ci="0" mb="0" cb="0"/>
            <line nr="27" mi="2" ci="10" mb="0" cb="0"/>
            <line nr="31" mi="4" ci="14" mb="4" cb="4"/>
            <line nr="32" mi="2" ci="0" mb="0" cb="0"/>
            <line nr="34" mi="4" ci="26" mb="0" cb="0"/>
            <counter type="INSTRUCTION" missed="257" covered="63"/>
            <counter type="BRANCH" missed="12" covered="4"/>
            <counter type="LINE" missed="16" covered="3"/>
            <counter type="COMPLEXITY" missed="15" covered="4"/>
            <counter type="METHOD" missed="7" covered="4"/>
            <counter type="CLASS" missed="1" covered="2"/>
        </sourcefile>
        <sourcefile name="TestArtifactsPlugin.groovy">
            <line nr="17" mi="0" ci="12" mb="0" cb="0"/>
            <line nr="18" mi="0" ci="26" mb="0" cb="0"/>
            <line nr="19" mi="0" ci="26" mb="0" cb="0"/>
            <line nr="20" mi="0" ci="27" mb="0" cb="0"/>
            <counter type="INSTRUCTION" missed="0" covered="107"/>
            <counter type="LINE" missed="0" covered="4"/>
            <counter type="COMPLEXITY" missed="0" covered="2"/>
            <counter type="METHOD" missed="0" covered="2"/>
            <counter type="CLASS" missed="0" covered="1"/>
        </sourcefile>
        <sourcefile name="TestArtifactsExtension.groovy">
            <line nr="5" mi="0" ci="33" mb="0" cb="0"/>
            <line nr="12" mi="52" ci="0" mb="0" cb="0"/>
            <counter type="INSTRUCTION" missed="54" covered="37"/>
            <counter type="LINE" missed="1" covered="1"/>
            <counter type="COMPLEXITY" missed="1" covered="1"/>
            <counter type="METHOD" missed="1" covered="1"/>
            <counter type="CLASS" missed="0" covered="1"/>
        </sourcefile>
        <sourcefile name="FileTypes.groovy">
            <line nr="16" mi="0" ci="11" mb="0" cb="0"/>
            <counter type="INSTRUCTION" missed="0" covered="171"/>
            <counter type="LINE" missed="0" covered="1"/>
            <counter type="COMPLEXITY" missed="0" covered="3"/>
            <counter type="METHOD" missed="0" covered="3"/>
            <counter type="CLASS" missed="0" covered="1"/>
        </sourcefile>
        <counter type="INSTRUCTION" missed="311" covered="378"/>
        <counter type="BRANCH" missed="12" covered="4"/>
        <counter type="LINE" missed="17" covered="9"/>
        <counter type="COMPLEXITY" missed="16" covered="10"/>
        <counter type="METHOD" missed="8" covered="10"/>
        <counter type="CLASS" missed="1" covered="5"/>
    </package>
    <counter type="INSTRUCTION" missed="1476" covered="1380"/>
    <counter type="BRANCH" missed="35" covered="17"/>
    <counter type="LINE" missed="52" covered="49"/>
    <counter type="COMPLEXITY" missed="75" covered="34"/>
    <counter type="METHOD" missed="51" covered="32"/>
    <counter type="CLASS" missed="7" covered="16"/>
</report>
